<?xml version="1.0" encoding="UTF-8"?>
<!-- Generated by org.testng.reporters.JUnitXMLReporter -->
<testsuite ignored="0" hostname="SreenivasuluReddyNaga" failures="1" tests="1" name="Testing Switch to Frames functionality" time="37.742" errors="0" timestamp="2024-05-27T12:12:17 IST">
  <testcase classname="org.maven.SwitchToFramesTest" name="framesTest" time="30.633">
    <failure type="org.openqa.selenium.NoSuchFrameException" message="No frame element found by name or id frm2
Build info: version: &amp;apos;4.19.1&amp;apos;, revision: &amp;apos;abe0ee07dc&amp;apos;
System info: os.name: &amp;apos;Windows 11&amp;apos;, os.arch: &amp;apos;amd64&amp;apos;, os.version: &amp;apos;10.0&amp;apos;, java.version: &amp;apos;17.0.4.1&amp;apos;
Driver info: driver.version: unknown">
      <![CDATA[org.openqa.selenium.NoSuchFrameException: No frame element found by name or id frm2
Build info: version: '4.19.1', revision: 'abe0ee07dc'
System info: os.name: 'Windows 11', os.arch: 'amd64', os.version: '10.0', java.version: '17.0.4.1'
Driver info: driver.version: unknown
at org.openqa.selenium.remote.RemoteWebDriver$RemoteTargetLocator.frame(RemoteWebDriver.java:1097)
at org.maven.SwitchToFramesTest.framesTest(SwitchToFramesTest.java:22)
at java.base/java.util.ArrayList.forEach(ArrayList.java:1511)
... Removed 31 stack frames]]>
    </failure>
  </testcase> <!-- framesTest -->
</testsuite> <!-- Testing Switch to Frames functionality -->
